  [1m[36m (20.6ms)[0m  [1mCREATE TABLE "schema_migrations" ("version" character varying NOT NULL) [0m
  [1m[35m (5.1ms)[0m  CREATE UNIQUE INDEX  "unique_schema_migrations" ON "schema_migrations"  ("version")
  [1m[36mActiveRecord::SchemaMigration Load (0.3ms)[0m  [1mSELECT "schema_migrations".* FROM "schema_migrations"[0m
Migrating to CreateUsers (20151214033154)
  [1m[35m (0.1ms)[0m  BEGIN
  [1m[36m (20.5ms)[0m  [1mCREATE TABLE "users" ("id" serial primary key, "username" character varying, "email" character varying, "encrypted_password" character varying, "salt" character varying, "created_at" timestamp NOT NULL, "updated_at" timestamp NOT NULL) [0m
  [1m[35mSQL (0.4ms)[0m  INSERT INTO "schema_migrations" ("version") VALUES ($1)  [["version", "20151214033154"]]
  [1m[36m (5.7ms)[0m  [1mCOMMIT[0m
  [1m[35mActiveRecord::SchemaMigration Load (0.2ms)[0m  SELECT "schema_migrations".* FROM "schema_migrations"
  [1m[36m (2.0ms)[0m  [1mSELECT t2.oid::regclass::text AS to_table, a1.attname AS column, a2.attname AS primary_key, c.conname AS name, c.confupdtype AS on_update, c.confdeltype AS on_delete
FROM pg_constraint c
JOIN pg_class t1 ON c.conrelid = t1.oid
JOIN pg_class t2 ON c.confrelid = t2.oid
JOIN pg_attribute a1 ON a1.attnum = c.conkey[1] AND a1.attrelid = t1.oid
JOIN pg_attribute a2 ON a2.attnum = c.confkey[1] AND a2.attrelid = t2.oid
JOIN pg_namespace t3 ON c.connamespace = t3.oid
WHERE c.contype = 'f'
  AND t1.relname = 'users'
  AND t3.nspname = ANY (current_schemas(false))
ORDER BY c.conname
[0m


Started GET "/" for ::1 at 2015-12-14 11:03:52 +0700
  [1m[36mActiveRecord::SchemaMigration Load (0.5ms)[0m  [1mSELECT "schema_migrations".* FROM "schema_migrations"[0m
Processing by SessionsController#login as HTML
  Rendered sessions/login.html.erb within layouts/application (4.0ms)
Completed 200 OK in 505ms (Views: 494.9ms | ActiveRecord: 0.0ms)


Started GET "/assets/header_bg.png" for ::1 at 2015-12-14 11:03:53 +0700


Started GET "/assets/ruby-source-logo.png" for ::1 at 2015-12-14 11:03:53 +0700


Started GET "/signup" for ::1 at 2015-12-14 11:03:55 +0700
Processing by UsersController#new as HTML
Completed 500 Internal Server Error in 3ms (ActiveRecord: 0.0ms)

SyntaxError (/Users/tin_hanc/work/UserAuth/app/models/user.rb:7: empty range in char class: /A[w+-.]+@[a-zd-.]+.[a-z]+z/i):
  app/models/user.rb:7: empty range in char class: /A[w+-.]+@[a-zd-.]+.[a-z]+z/i
  app/controllers/users_controller.rb:7:in `new'


  Rendered /Users/tin_hanc/.rbenv/versions/2.2.2/lib/ruby/gems/2.2.0/gems/actionpack-4.2.1/lib/action_dispatch/middleware/templates/rescues/_source.erb (5.3ms)
  Rendered /Users/tin_hanc/.rbenv/versions/2.2.2/lib/ruby/gems/2.2.0/gems/actionpack-4.2.1/lib/action_dispatch/middleware/templates/rescues/_trace.html.erb (2.5ms)
  Rendered /Users/tin_hanc/.rbenv/versions/2.2.2/lib/ruby/gems/2.2.0/gems/actionpack-4.2.1/lib/action_dispatch/middleware/templates/rescues/_request_and_response.html.erb (0.8ms)
  Rendered /Users/tin_hanc/.rbenv/versions/2.2.2/lib/ruby/gems/2.2.0/gems/actionpack-4.2.1/lib/action_dispatch/middleware/templates/rescues/diagnostics.html.erb within rescues/layout (71.7ms)
  Rendered /Users/tin_hanc/.rbenv/versions/2.2.2/lib/ruby/gems/2.2.0/gems/web-console-2.2.1/lib/web_console/templates/_markup.html.erb (0.8ms)
  Rendered /Users/tin_hanc/.rbenv/versions/2.2.2/lib/ruby/gems/2.2.0/gems/web-console-2.2.1/lib/web_console/templates/_inner_console_markup.html.erb within layouts/inlined_string (0.4ms)
  Rendered /Users/tin_hanc/.rbenv/versions/2.2.2/lib/ruby/gems/2.2.0/gems/web-console-2.2.1/lib/web_console/templates/_prompt_box_markup.html.erb within layouts/inlined_string (0.3ms)
  Rendered /Users/tin_hanc/.rbenv/versions/2.2.2/lib/ruby/gems/2.2.0/gems/web-console-2.2.1/lib/web_console/templates/style.css.erb within layouts/inlined_string (0.3ms)
  Rendered /Users/tin_hanc/.rbenv/versions/2.2.2/lib/ruby/gems/2.2.0/gems/web-console-2.2.1/lib/web_console/templates/console.js.erb within layouts/javascript (61.5ms)
  Rendered /Users/tin_hanc/.rbenv/versions/2.2.2/lib/ruby/gems/2.2.0/gems/web-console-2.2.1/lib/web_console/templates/main.js.erb within layouts/javascript (0.4ms)
  Rendered /Users/tin_hanc/.rbenv/versions/2.2.2/lib/ruby/gems/2.2.0/gems/web-console-2.2.1/lib/web_console/templates/error_page.js.erb within layouts/javascript (0.3ms)
  Rendered /Users/tin_hanc/.rbenv/versions/2.2.2/lib/ruby/gems/2.2.0/gems/web-console-2.2.1/lib/web_console/templates/index.html.erb (146.2ms)


Started GET "/" for ::1 at 2015-12-14 11:04:39 +0700
Processing by SessionsController#login as HTML
  Rendered sessions/login.html.erb within layouts/application (0.9ms)
Completed 200 OK in 24ms (Views: 22.8ms | ActiveRecord: 0.0ms)


Started GET "/assets/header_bg.png" for ::1 at 2015-12-14 11:04:39 +0700


Started GET "/assets/ruby-source-logo.png" for ::1 at 2015-12-14 11:04:39 +0700


Started GET "/signup" for ::1 at 2015-12-14 11:04:40 +0700
Processing by UsersController#new as HTML
Completed 500 Internal Server Error in 1ms (ActiveRecord: 0.0ms)

SyntaxError (/Users/tin_hanc/work/UserAuth/app/models/user.rb:7: empty range in char class: /A[w+-.]+@[a-zd-.]+.[a-z]+z/i):
  app/models/user.rb:7: empty range in char class: /A[w+-.]+@[a-zd-.]+.[a-z]+z/i
  app/controllers/users_controller.rb:7:in `new'


  Rendered /Users/tin_hanc/.rbenv/versions/2.2.2/lib/ruby/gems/2.2.0/gems/actionpack-4.2.1/lib/action_dispatch/middleware/templates/rescues/_source.erb (4.3ms)
  Rendered /Users/tin_hanc/.rbenv/versions/2.2.2/lib/ruby/gems/2.2.0/gems/actionpack-4.2.1/lib/action_dispatch/middleware/templates/rescues/_trace.html.erb (2.2ms)
  Rendered /Users/tin_hanc/.rbenv/versions/2.2.2/lib/ruby/gems/2.2.0/gems/actionpack-4.2.1/lib/action_dispatch/middleware/templates/rescues/_request_and_response.html.erb (0.8ms)
  Rendered /Users/tin_hanc/.rbenv/versions/2.2.2/lib/ruby/gems/2.2.0/gems/actionpack-4.2.1/lib/action_dispatch/middleware/templates/rescues/diagnostics.html.erb within rescues/layout (55.7ms)
  Rendered /Users/tin_hanc/.rbenv/versions/2.2.2/lib/ruby/gems/2.2.0/gems/web-console-2.2.1/lib/web_console/templates/_markup.html.erb (0.4ms)
  Rendered /Users/tin_hanc/.rbenv/versions/2.2.2/lib/ruby/gems/2.2.0/gems/web-console-2.2.1/lib/web_console/templates/_inner_console_markup.html.erb within layouts/inlined_string (0.3ms)
  Rendered /Users/tin_hanc/.rbenv/versions/2.2.2/lib/ruby/gems/2.2.0/gems/web-console-2.2.1/lib/web_console/templates/_prompt_box_markup.html.erb within layouts/inlined_string (0.9ms)
  Rendered /Users/tin_hanc/.rbenv/versions/2.2.2/lib/ruby/gems/2.2.0/gems/web-console-2.2.1/lib/web_console/templates/style.css.erb within layouts/inlined_string (0.4ms)
  Rendered /Users/tin_hanc/.rbenv/versions/2.2.2/lib/ruby/gems/2.2.0/gems/web-console-2.2.1/lib/web_console/templates/console.js.erb within layouts/javascript (54.9ms)
  Rendered /Users/tin_hanc/.rbenv/versions/2.2.2/lib/ruby/gems/2.2.0/gems/web-console-2.2.1/lib/web_console/templates/main.js.erb within layouts/javascript (2.7ms)
  Rendered /Users/tin_hanc/.rbenv/versions/2.2.2/lib/ruby/gems/2.2.0/gems/web-console-2.2.1/lib/web_console/templates/error_page.js.erb within layouts/javascript (0.4ms)
  Rendered /Users/tin_hanc/.rbenv/versions/2.2.2/lib/ruby/gems/2.2.0/gems/web-console-2.2.1/lib/web_console/templates/index.html.erb (124.6ms)


Started GET "/signup" for ::1 at 2015-12-14 11:06:07 +0700
  [1m[36mActiveRecord::SchemaMigration Load (0.3ms)[0m  [1mSELECT "schema_migrations".* FROM "schema_migrations"[0m
Processing by UsersController#new as HTML
Completed 500 Internal Server Error in 10ms (ActiveRecord: 0.0ms)

ArgumentError (The provided regular expression is using multiline anchors (^ or $), which may present a security risk. Did you mean to use \A and \z, or forgot to add the :multiline => true option?):
  app/models/user.rb:9:in `<class:User>'
  app/models/user.rb:1:in `<top (required)>'
  app/controllers/users_controller.rb:7:in `new'


  Rendered /Users/tin_hanc/.rbenv/versions/2.2.2/lib/ruby/gems/2.2.0/gems/actionpack-4.2.1/lib/action_dispatch/middleware/templates/rescues/_source.erb (10.4ms)
  Rendered /Users/tin_hanc/.rbenv/versions/2.2.2/lib/ruby/gems/2.2.0/gems/actionpack-4.2.1/lib/action_dispatch/middleware/templates/rescues/_trace.html.erb (2.0ms)
  Rendered /Users/tin_hanc/.rbenv/versions/2.2.2/lib/ruby/gems/2.2.0/gems/actionpack-4.2.1/lib/action_dispatch/middleware/templates/rescues/_request_and_response.html.erb (0.8ms)
  Rendered /Users/tin_hanc/.rbenv/versions/2.2.2/lib/ruby/gems/2.2.0/gems/actionpack-4.2.1/lib/action_dispatch/middleware/templates/rescues/diagnostics.html.erb within rescues/layout (62.2ms)
  Rendered /Users/tin_hanc/.rbenv/versions/2.2.2/lib/ruby/gems/2.2.0/gems/web-console-2.2.1/lib/web_console/templates/_markup.html.erb (0.4ms)
  Rendered /Users/tin_hanc/.rbenv/versions/2.2.2/lib/ruby/gems/2.2.0/gems/web-console-2.2.1/lib/web_console/templates/_inner_console_markup.html.erb within layouts/inlined_string (0.3ms)
  Rendered /Users/tin_hanc/.rbenv/versions/2.2.2/lib/ruby/gems/2.2.0/gems/web-console-2.2.1/lib/web_console/templates/_prompt_box_markup.html.erb within layouts/inlined_string (0.4ms)
  Rendered /Users/tin_hanc/.rbenv/versions/2.2.2/lib/ruby/gems/2.2.0/gems/web-console-2.2.1/lib/web_console/templates/style.css.erb within layouts/inlined_string (0.3ms)
  Rendered /Users/tin_hanc/.rbenv/versions/2.2.2/lib/ruby/gems/2.2.0/gems/web-console-2.2.1/lib/web_console/templates/console.js.erb within layouts/javascript (53.8ms)
  Rendered /Users/tin_hanc/.rbenv/versions/2.2.2/lib/ruby/gems/2.2.0/gems/web-console-2.2.1/lib/web_console/templates/main.js.erb within layouts/javascript (0.3ms)
  Rendered /Users/tin_hanc/.rbenv/versions/2.2.2/lib/ruby/gems/2.2.0/gems/web-console-2.2.1/lib/web_console/templates/error_page.js.erb within layouts/javascript (0.4ms)
  Rendered /Users/tin_hanc/.rbenv/versions/2.2.2/lib/ruby/gems/2.2.0/gems/web-console-2.2.1/lib/web_console/templates/index.html.erb (118.0ms)


Started GET "/signup" for ::1 at 2015-12-14 11:07:17 +0700
  [1m[36mActiveRecord::SchemaMigration Load (0.4ms)[0m  [1mSELECT "schema_migrations".* FROM "schema_migrations"[0m
Processing by UsersController#new as HTML
Completed 500 Internal Server Error in 14ms (ActiveRecord: 1.5ms)

NoMethodError (undefined method `attr_accessible' for #<Class:0x007fd285490840>):
  app/models/user.rb:15:in `<class:User>'
  app/models/user.rb:1:in `<top (required)>'
  app/controllers/users_controller.rb:7:in `new'


  Rendered /Users/tin_hanc/.rbenv/versions/2.2.2/lib/ruby/gems/2.2.0/gems/actionpack-4.2.1/lib/action_dispatch/middleware/templates/rescues/_source.erb (4.5ms)
  Rendered /Users/tin_hanc/.rbenv/versions/2.2.2/lib/ruby/gems/2.2.0/gems/actionpack-4.2.1/lib/action_dispatch/middleware/templates/rescues/_trace.html.erb (2.1ms)
  Rendered /Users/tin_hanc/.rbenv/versions/2.2.2/lib/ruby/gems/2.2.0/gems/actionpack-4.2.1/lib/action_dispatch/middleware/templates/rescues/_request_and_response.html.erb (0.9ms)
  Rendered /Users/tin_hanc/.rbenv/versions/2.2.2/lib/ruby/gems/2.2.0/gems/actionpack-4.2.1/lib/action_dispatch/middleware/templates/rescues/diagnostics.html.erb within rescues/layout (54.1ms)
  Rendered /Users/tin_hanc/.rbenv/versions/2.2.2/lib/ruby/gems/2.2.0/gems/web-console-2.2.1/lib/web_console/templates/_markup.html.erb (0.4ms)
  Rendered /Users/tin_hanc/.rbenv/versions/2.2.2/lib/ruby/gems/2.2.0/gems/web-console-2.2.1/lib/web_console/templates/_inner_console_markup.html.erb within layouts/inlined_string (0.3ms)
  Rendered /Users/tin_hanc/.rbenv/versions/2.2.2/lib/ruby/gems/2.2.0/gems/web-console-2.2.1/lib/web_console/templates/_prompt_box_markup.html.erb within layouts/inlined_string (0.3ms)
  Rendered /Users/tin_hanc/.rbenv/versions/2.2.2/lib/ruby/gems/2.2.0/gems/web-console-2.2.1/lib/web_console/templates/style.css.erb within layouts/inlined_string (0.3ms)
  Rendered /Users/tin_hanc/.rbenv/versions/2.2.2/lib/ruby/gems/2.2.0/gems/web-console-2.2.1/lib/web_console/templates/console.js.erb within layouts/javascript (53.2ms)
  Rendered /Users/tin_hanc/.rbenv/versions/2.2.2/lib/ruby/gems/2.2.0/gems/web-console-2.2.1/lib/web_console/templates/main.js.erb within layouts/javascript (0.5ms)
  Rendered /Users/tin_hanc/.rbenv/versions/2.2.2/lib/ruby/gems/2.2.0/gems/web-console-2.2.1/lib/web_console/templates/error_page.js.erb within layouts/javascript (0.5ms)
  Rendered /Users/tin_hanc/.rbenv/versions/2.2.2/lib/ruby/gems/2.2.0/gems/web-console-2.2.1/lib/web_console/templates/index.html.erb (121.2ms)


Started GET "/signup" for ::1 at 2015-12-14 11:10:04 +0700
  [1m[36mActiveRecord::SchemaMigration Load (0.7ms)[0m  [1mSELECT "schema_migrations".* FROM "schema_migrations"[0m
Processing by UsersController#new as HTML
  Rendered users/new.html.erb within layouts/application (17.9ms)
Completed 200 OK in 199ms (Views: 170.0ms | ActiveRecord: 3.5ms)


Started GET "/assets/jquery.self-a714331225dda820228db323939889f149aec0127aeb06255646b616ba1ca419.js?body=1" for ::1 at 2015-12-14 11:10:04 +0700


Started GET "/assets/sessions.self-877aef30ae1b040ab8a3aba4e3e309a11d7f2612f44dde450b5c157aa5f95c05.js?body=1" for ::1 at 2015-12-14 11:10:04 +0700


Started GET "/assets/users.self-877aef30ae1b040ab8a3aba4e3e309a11d7f2612f44dde450b5c157aa5f95c05.js?body=1" for ::1 at 2015-12-14 11:10:04 +0700


Started GET "/assets/jquery_ujs.self-d456baa54c1fa6be2ec3711f0a72ddf7a5b2f34a6b4f515f33767d6207b7d4b3.js?body=1" for ::1 at 2015-12-14 11:10:04 +0700


Started GET "/assets/application.self-d4a02a6e34ab49a0b7fd4a4663b3554ff1ea50897fb63340dba63c9cd88223e8.css?body=1" for ::1 at 2015-12-14 11:10:04 +0700


Started GET "/assets/application.self-763edc40ac487adacabb9d8ff726cd3e8d38c640ad7af95ff25fde0f4dbdfe7c.js?body=1" for ::1 at 2015-12-14 11:10:04 +0700


Started POST "/users/create" for ::1 at 2015-12-14 11:12:08 +0700
Processing by UsersController#create as HTML
  Parameters: {"utf8"=>"✓", "authenticity_token"=>"SpI0cjOI27gcv/xDcDv9ORnelWUgCbetgMuF7dO+eLiTAYsmr/xoDnuIOTenBKnkkti99KpK3dyFmNGiQqQq0w==", "user"=>{"username"=>"test05", "email"=>"hanc.tin@gmail.com", "password"=>"[FILTERED]", "password_confirmation"=>"[FILTERED]"}, "commit"=>"Signup"}
  [1m[35m (0.1ms)[0m  BEGIN
  [1m[36mUser Exists (0.7ms)[0m  [1mSELECT  1 AS one FROM "users" WHERE "users"."username" = 'test05' LIMIT 1[0m
  [1m[35mUser Exists (0.3ms)[0m  SELECT  1 AS one FROM "users" WHERE "users"."email" = 'hanc.tin@gmail.com' LIMIT 1
  [1m[36mSQL (0.3ms)[0m  [1mINSERT INTO "users" ("username", "email", "salt", "encrypted_password", "created_at", "updated_at") VALUES ($1, $2, $3, $4, $5, $6) RETURNING "id"[0m  [["username", "test05"], ["email", "hanc.tin@gmail.com"], ["salt", "$2a$10$Ob9OyKiqziCarkkvRwpwmO"], ["encrypted_password", "$2a$10$Ob9OyKiqziCarkkvRwpwmOiAY5MSlFcpGvL5vONA6Ur42u.TOP/5u"], ["created_at", "2015-12-14 04:12:08.728295"], ["updated_at", "2015-12-14 04:12:08.728295"]]
  [1m[35m (1.1ms)[0m  COMMIT
  Rendered users/new.html.erb within layouts/application (0.8ms)
Completed 200 OK in 110ms (Views: 21.6ms | ActiveRecord: 2.6ms)


Started GET "/login" for ::1 at 2015-12-14 11:12:20 +0700
Processing by SessionsController#login as HTML
  Rendered sessions/login.html.erb within layouts/application (0.9ms)
Completed 200 OK in 28ms (Views: 27.4ms | ActiveRecord: 0.0ms)


Started POST "/sessions/login_attempt" for ::1 at 2015-12-14 11:12:32 +0700
Processing by SessionsController#login_attempt as HTML
  Parameters: {"utf8"=>"✓", "authenticity_token"=>"ufqbHcwuCoHgZVHOTbU4GEJFfxC2t8W7vtjUDg3H92tgaSRJUFq5N4dSlLqaimzFyUNXgTz0r8q7i4BBnN2lAA==", "username_or_email"=>"hanc.tin@gmail.com", "login_password"=>"[FILTERED]", "commit"=>"Log In"}
  [1m[36mUser Load (0.2ms)[0m  [1mSELECT  "users".* FROM "users" WHERE "users"."email" = $1 LIMIT 1[0m  [["email", "hanc.tin@gmail.com"]]
Redirected to http://localhost:3000/home
Completed 302 Found in 78ms (ActiveRecord: 0.2ms)


Started GET "/home" for ::1 at 2015-12-14 11:12:32 +0700
Processing by SessionsController#home as HTML
  [1m[35mUser Load (0.2ms)[0m  SELECT  "users".* FROM "users" WHERE "users"."id" = $1 LIMIT 1  [["id", 1]]
  Rendered sessions/home.html.erb within layouts/application (0.4ms)
Completed 200 OK in 30ms (Views: 28.3ms | ActiveRecord: 0.2ms)


Started GET "/logout" for ::1 at 2015-12-14 11:12:47 +0700
Processing by SessionsController#logout as HTML
Redirected to http://localhost:3000/
Completed 302 Found in 1ms (ActiveRecord: 0.0ms)


Started GET "/" for ::1 at 2015-12-14 11:12:47 +0700
Processing by SessionsController#login as HTML
  Rendered sessions/login.html.erb within layouts/application (0.7ms)
Completed 200 OK in 47ms (Views: 46.1ms | ActiveRecord: 0.0ms)


Started GET "/" for ::1 at 2015-12-14 11:13:33 +0700
  [1m[36mActiveRecord::SchemaMigration Load (0.4ms)[0m  [1mSELECT "schema_migrations".* FROM "schema_migrations"[0m
Processing by SessionsController#login as HTML
  Rendered sessions/login.html.erb within layouts/application (2.0ms)
Completed 200 OK in 171ms (Views: 163.3ms | ActiveRecord: 0.0ms)


Started GET "/assets/ruby-source-logo.png" for ::1 at 2015-12-14 11:13:33 +0700


Started GET "/assets/header_bg.png" for ::1 at 2015-12-14 11:13:33 +0700


Started GET "/signup" for ::1 at 2015-12-14 11:13:45 +0700
Processing by UsersController#new as HTML
  Rendered users/new.html.erb within layouts/application (7.4ms)
Completed 200 OK in 41ms (Views: 31.8ms | ActiveRecord: 2.0ms)


Started POST "/users/create" for ::1 at 2015-12-14 11:14:01 +0700
Processing by UsersController#create as HTML
  Parameters: {"utf8"=>"✓", "authenticity_token"=>"xMw1rhVkjich4+jxopv/Tz5MnQXOhBNIunobakNkUpEdX4r6iRA9kUbULYV1pKuStUq1lETHeTm/KU8l0n4A+g==", "user"=>{"username"=>"test05", "email"=>"hanc.tin@gmail.com", "password"=>"[FILTERED]", "password_confirmation"=>"[FILTERED]"}, "commit"=>"Signup"}
  [1m[35m (0.2ms)[0m  BEGIN
  [1m[36mUser Exists (0.7ms)[0m  [1mSELECT  1 AS one FROM "users" WHERE "users"."username" = 'test05' LIMIT 1[0m
  [1m[35mUser Exists (0.3ms)[0m  SELECT  1 AS one FROM "users" WHERE "users"."email" = 'hanc.tin@gmail.com' LIMIT 1
  [1m[36m (0.2ms)[0m  [1mROLLBACK[0m
  Rendered users/new.html.erb within layouts/application (1.4ms)
Completed 200 OK in 52ms (Views: 29.0ms | ActiveRecord: 1.3ms)
